<<<<<<< Updated upstream
﻿  Game.cpp
C:\Users\Sanketh\Documents\GitHub\topdowngame\topdowngame\Game.cpp(63,52): warning C4244: 'return': conversion from '_Rep' to 'long', possible loss of data
=======
﻿  Animation.cpp
  Camera.cpp
  Entity.cpp
C:\Users\russe\Desktop\topdowngame\topdowngame\Entity.cpp(11,27): warning C4244: 'argument': conversion from 'double' to 'float', possible loss of data
C:\Users\russe\Desktop\topdowngame\topdowngame\Entity.cpp(11,22): warning C4244: 'argument': conversion from 'double' to 'float', possible loss of data
  Environment.cpp
  Game.cpp
C:\Users\russe\Desktop\topdowngame\topdowngame\Game.cpp(3,14): error C2600: 'Game::Game': cannot define a compiler-generated special member function (must be declared in the class first)
C:\Users\russe\Desktop\topdowngame\topdowngame\Game.cpp(10,28): error C2259: 'Environment': cannot instantiate abstract class
C:\Users\russe\Desktop\topdowngame\topdowngame\Environment.h(2): message : see declaration of 'Environment'
C:\Users\russe\Desktop\topdowngame\topdowngame\Game.cpp(10,28): message : due to following members:
C:\Users\russe\Desktop\topdowngame\topdowngame\Game.cpp(10,28): message : 'void Environment::tick(void)': is abstract
C:\Users\russe\Desktop\topdowngame\topdowngame\Environment.h(7): message : see declaration of 'Environment::tick'
C:\Users\russe\Desktop\topdowngame\topdowngame\Game.cpp(10,28): message : 'void Environment::render(void)': is abstract
C:\Users\russe\Desktop\topdowngame\topdowngame\Environment.h(8): message : see declaration of 'Environment::render'
C:\Users\russe\Desktop\topdowngame\topdowngame\Game.cpp(10,28): error C2064: term does not evaluate to a function taking 0 arguments
C:\Users\russe\Desktop\topdowngame\topdowngame\Game.cpp(41,52): warning C4244: 'return': conversion from '_Rep' to 'long', possible loss of data
>>>>>>> Stashed changes
          with
          [
              _Rep=__int64
          ]
  GameEnvironment.cpp
<<<<<<< Updated upstream
C:\Users\Sanketh\Documents\GitHub\topdowngame\topdowngame\GameEnvironment.cpp(18,25): warning C4552: '<': result of expression not used
  ResourceManager.cpp
  TileMap.cpp
C:\Users\Sanketh\Documents\GitHub\topdowngame\topdowngame\TileMap.cpp(21,10): warning C4244: 'initializing': conversion from 'double' to 'int', possible loss of data
C:\Users\Sanketh\Documents\GitHub\topdowngame\topdowngame\TileMap.cpp(22,10): warning C4244: 'initializing': conversion from 'double' to 'int', possible loss of data
C:\Users\Sanketh\Documents\GitHub\topdowngame\topdowngame\TileMap.cpp(25,11): warning C4244: 'initializing': conversion from 'double' to 'int', possible loss of data
C:\Users\Sanketh\Documents\GitHub\topdowngame\topdowngame\TileMap.cpp(26,11): warning C4244: 'initializing': conversion from 'double' to 'int', possible loss of data
C:\Users\Sanketh\Documents\GitHub\topdowngame\topdowngame\TileMap.cpp(51,53): warning C4244: 'argument': conversion from 'double' to 'T', possible loss of data
=======
  Hitbox.cpp
  main.cpp
  PerlinNoise.cpp
  ResourceManager.cpp
  Tile.cpp
  TileMap.cpp
C:\Users\russe\Desktop\topdowngame\topdowngame\TileMap.cpp(21,10): warning C4244: 'initializing': conversion from 'double' to 'int', possible loss of data
C:\Users\russe\Desktop\topdowngame\topdowngame\TileMap.cpp(22,10): warning C4244: 'initializing': conversion from 'double' to 'int', possible loss of data
C:\Users\russe\Desktop\topdowngame\topdowngame\TileMap.cpp(25,11): warning C4244: 'initializing': conversion from 'double' to 'int', possible loss of data
C:\Users\russe\Desktop\topdowngame\topdowngame\TileMap.cpp(26,11): warning C4244: 'initializing': conversion from 'double' to 'int', possible loss of data
C:\Users\russe\Desktop\topdowngame\topdowngame\TileMap.cpp(51,53): warning C4244: 'argument': conversion from 'double' to 'T', possible loss of data
>>>>>>> Stashed changes
          with
          [
              T=float
          ]
<<<<<<< Updated upstream
C:\Users\Sanketh\Documents\GitHub\topdowngame\topdowngame\TileMap.cpp(51,42): warning C4244: 'argument': conversion from 'double' to 'T', possible loss of data
=======
C:\Users\russe\Desktop\topdowngame\topdowngame\TileMap.cpp(51,42): warning C4244: 'argument': conversion from 'double' to 'T', possible loss of data
>>>>>>> Stashed changes
          with
          [
              T=float
          ]
<<<<<<< Updated upstream
C:\Users\Sanketh\Documents\GitHub\topdowngame\topdowngame\TileMap.cpp(52,71): warning C4244: 'argument': conversion from 'double' to 'T', possible loss of data
=======
C:\Users\russe\Desktop\topdowngame\topdowngame\TileMap.cpp(52,71): warning C4244: 'argument': conversion from 'double' to 'T', possible loss of data
>>>>>>> Stashed changes
          with
          [
              T=float
          ]
<<<<<<< Updated upstream
C:\Users\Sanketh\Documents\GitHub\topdowngame\topdowngame\TileMap.cpp(52,45): warning C4244: 'argument': conversion from 'double' to 'T', possible loss of data
=======
C:\Users\russe\Desktop\topdowngame\topdowngame\TileMap.cpp(52,45): warning C4244: 'argument': conversion from 'double' to 'T', possible loss of data
>>>>>>> Stashed changes
          with
          [
              T=float
          ]
<<<<<<< Updated upstream
C:\Users\Sanketh\Documents\GitHub\topdowngame\topdowngame\TileMap.cpp(53,74): warning C4244: 'argument': conversion from 'double' to 'T', possible loss of data
=======
C:\Users\russe\Desktop\topdowngame\topdowngame\TileMap.cpp(53,74): warning C4244: 'argument': conversion from 'double' to 'T', possible loss of data
>>>>>>> Stashed changes
          with
          [
              T=float
          ]
<<<<<<< Updated upstream
C:\Users\Sanketh\Documents\GitHub\topdowngame\topdowngame\TileMap.cpp(53,45): warning C4244: 'argument': conversion from 'double' to 'T', possible loss of data
=======
C:\Users\russe\Desktop\topdowngame\topdowngame\TileMap.cpp(53,45): warning C4244: 'argument': conversion from 'double' to 'T', possible loss of data
>>>>>>> Stashed changes
          with
          [
              T=float
          ]
<<<<<<< Updated upstream
C:\Users\Sanketh\Documents\GitHub\topdowngame\topdowngame\TileMap.cpp(54,56): warning C4244: 'argument': conversion from 'double' to 'T', possible loss of data
=======
C:\Users\russe\Desktop\topdowngame\topdowngame\TileMap.cpp(54,56): warning C4244: 'argument': conversion from 'double' to 'T', possible loss of data
>>>>>>> Stashed changes
          with
          [
              T=float
          ]
<<<<<<< Updated upstream
C:\Users\Sanketh\Documents\GitHub\topdowngame\topdowngame\TileMap.cpp(54,42): warning C4244: 'argument': conversion from 'double' to 'T', possible loss of data
=======
C:\Users\russe\Desktop\topdowngame\topdowngame\TileMap.cpp(54,42): warning C4244: 'argument': conversion from 'double' to 'T', possible loss of data
>>>>>>> Stashed changes
          with
          [
              T=float
          ]
<<<<<<< Updated upstream
C:\Users\Sanketh\Documents\GitHub\topdowngame\topdowngame\TileMap.cpp(57,57): warning C4244: 'argument': conversion from 'double' to 'T', possible loss of data
=======
C:\Users\russe\Desktop\topdowngame\topdowngame\TileMap.cpp(57,57): warning C4244: 'argument': conversion from 'double' to 'T', possible loss of data
>>>>>>> Stashed changes
          with
          [
              T=float
          ]
<<<<<<< Updated upstream
C:\Users\Sanketh\Documents\GitHub\topdowngame\topdowngame\TileMap.cpp(57,40): warning C4244: 'argument': conversion from 'double' to 'T', possible loss of data
=======
C:\Users\russe\Desktop\topdowngame\topdowngame\TileMap.cpp(57,40): warning C4244: 'argument': conversion from 'double' to 'T', possible loss of data
>>>>>>> Stashed changes
          with
          [
              T=float
          ]
<<<<<<< Updated upstream
C:\Users\Sanketh\Documents\GitHub\topdowngame\topdowngame\TileMap.cpp(58,75): warning C4244: 'argument': conversion from 'double' to 'T', possible loss of data
=======
C:\Users\russe\Desktop\topdowngame\topdowngame\TileMap.cpp(58,75): warning C4244: 'argument': conversion from 'double' to 'T', possible loss of data
>>>>>>> Stashed changes
          with
          [
              T=float
          ]
<<<<<<< Updated upstream
C:\Users\Sanketh\Documents\GitHub\topdowngame\topdowngame\TileMap.cpp(58,52): warning C4244: 'argument': conversion from 'double' to 'T', possible loss of data
=======
C:\Users\russe\Desktop\topdowngame\topdowngame\TileMap.cpp(58,52): warning C4244: 'argument': conversion from 'double' to 'T', possible loss of data
>>>>>>> Stashed changes
          with
          [
              T=float
          ]
<<<<<<< Updated upstream
C:\Users\Sanketh\Documents\GitHub\topdowngame\topdowngame\TileMap.cpp(59,87): warning C4244: 'argument': conversion from 'double' to 'T', possible loss of data
=======
C:\Users\russe\Desktop\topdowngame\topdowngame\TileMap.cpp(59,87): warning C4244: 'argument': conversion from 'double' to 'T', possible loss of data
>>>>>>> Stashed changes
          with
          [
              T=float
          ]
<<<<<<< Updated upstream
C:\Users\Sanketh\Documents\GitHub\topdowngame\topdowngame\TileMap.cpp(59,52): warning C4244: 'argument': conversion from 'double' to 'T', possible loss of data
=======
C:\Users\russe\Desktop\topdowngame\topdowngame\TileMap.cpp(59,52): warning C4244: 'argument': conversion from 'double' to 'T', possible loss of data
>>>>>>> Stashed changes
          with
          [
              T=float
          ]
<<<<<<< Updated upstream
C:\Users\Sanketh\Documents\GitHub\topdowngame\topdowngame\TileMap.cpp(60,69): warning C4244: 'argument': conversion from 'double' to 'T', possible loss of data
=======
C:\Users\russe\Desktop\topdowngame\topdowngame\TileMap.cpp(60,69): warning C4244: 'argument': conversion from 'double' to 'T', possible loss of data
>>>>>>> Stashed changes
          with
          [
              T=float
          ]
<<<<<<< Updated upstream
C:\Users\Sanketh\Documents\GitHub\topdowngame\topdowngame\TileMap.cpp(60,40): warning C4244: 'argument': conversion from 'double' to 'T', possible loss of data
=======
C:\Users\russe\Desktop\topdowngame\topdowngame\TileMap.cpp(60,40): warning C4244: 'argument': conversion from 'double' to 'T', possible loss of data
>>>>>>> Stashed changes
          with
          [
              T=float
          ]
  Generating Code...
<<<<<<< Updated upstream
C:\Users\Sanketh\Documents\GitHub\topdowngame\topdowngame\GameEnvironment.cpp(50): warning C4172: returning address of local variable or temporary: placeHolder
  LINK : C:\Users\Sanketh\Documents\GitHub\topdowngame\x64\Debug\topdowngame.exe not found or not built by the last incremental link; performing full link
  topdowngame.vcxproj -> C:\Users\Sanketh\Documents\GitHub\topdowngame\x64\Debug\topdowngame.exe
=======
>>>>>>> Stashed changes
